<?xml version="1.0" encoding="UTF-8"?>
<testsuite name="net.devtech.TranslatorTests" tests="4" skipped="0" failures="0" errors="0" timestamp="2019-11-08T16:35:18" hostname="Test" time="0.176">
  <properties/>
  <testcase name="json2xml" classname="net.devtech.TranslatorTests" time="0.152"/>
  <testcase name="string2binary" classname="net.devtech.TranslatorTests" time="0.0"/>
  <testcase name="xml2json" classname="net.devtech.TranslatorTests" time="0.006"/>
  <testcase name="binary2string" classname="net.devtech.TranslatorTests" time="0.016"/>
  <system-out><![CDATA[{"val":"1150304477","ok":"boomer","nice":"a","aaa":"false","okthen":"liberal"}
TestClass{val=1150304477, ok='boomer', nice=a, aaa=false, okthen=boomer}
<ObjectNode><val>1150304477</val><ok>boomer</ok><nice>a</nice><aaa>false</aaa><okthen>liberal</okthen></ObjectNode>
TestClass{val=1150304477, ok='boomer', nice=a, aaa=false, okthen=boomer}
[52, 52, 57, 48, 52, 48, 100, 100, 48, 48, 48, 54, 54, 50, 54, 102, 54, 102, 54, 100, 54, 53, 55, 50, 48, 48, 54, 49, 48, 48, 48, 48, 48, 55, 54, 99, 54, 57, 54, 50, 54, 53, 55, 50, 54, 49, 54, 99]
TestClass{val=1150304477, ok='boomer', nice=a, aaa=false, okthen=boomer}
]]></system-out>
  <system-err><![CDATA[]]></system-err>
</testsuite>
